<?xml version="1.0" encoding="UTF-8" ?>
<testsuite tests="4" failures="1" name="TestSuite" time="1.436" errors="0" skipped="3">
  <properties>
    <property name="java.runtime.name" value="Java(TM) SE Runtime Environment"/>
    <property name="java.vm.version" value="11.0.11+9-LTS-194"/>
    <property name="sun.boot.library.path" value="C:\Program Files\Java\jdk-11.0.11\bin"/>
    <property name="browser" value="$browser"/>
    <property name="url" value="$url"/>
    <property name="java.vm.vendor" value="Oracle Corporation"/>
    <property name="java.vendor.url" value="https://openjdk.java.net/"/>
    <property name="path.separator" value=";"/>
    <property name="java.vm.name" value="Java HotSpot(TM) 64-Bit Server VM"/>
    <property name="sun.os.patch.level" value=""/>
    <property name="user.script" value=""/>
    <property name="user.country" value="US"/>
    <property name="sun.java.launcher" value="SUN_STANDARD"/>
    <property name="java.vm.specification.name" value="Java Virtual Machine Specification"/>
    <property name="user.dir" value="C:\Users\vivec\eclipse-workspace\selenium-nov"/>
    <property name="java.vm.compressedOopsMode" value="Zero based"/>
    <property name="java.runtime.version" value="11.0.11+9-LTS-194"/>
    <property name="java.awt.graphicsenv" value="sun.awt.Win32GraphicsEnvironment"/>
    <property name="basedir" value="C:\Users\vivec\eclipse-workspace\selenium-nov"/>
    <property name="os.arch" value="amd64"/>
    <property name="surefire.real.class.path" value="C:\Users\vivec\AppData\Local\Temp\surefirebooter13482835223335417302.jar"/>
    <property name="java.io.tmpdir" value="C:\Users\vivec\AppData\Local\Temp\"/>
    <property name="line.separator" value="
"/>
    <property name="java.vm.specification.vendor" value="Oracle Corporation"/>
    <property name="user.variant" value=""/>
    <property name="os.name" value="Windows 10"/>
    <property name="sun.jnu.encoding" value="Cp1252"/>
    <property name="java.library.path" value="C:\Program Files\Java\jdk-11.0.11\bin;C:\Windows\Sun\Java\bin;C:\Windows\system32;C:\Windows;C:\Users\vivec\.jenkins\tools\hudson.tasks.Maven_MavenInstallation\MavenTest/bin;C:\Program Files\Common Files\Oracle\Java\javapath;C:\Program Files (x86)\Common Files\Oracle\Java\javapath;C:\Windows\system32;C:\Windows;C:\Windows\System32\Wbem;C:\Windows\System32\WindowsPowerShell\v1.0\;C:\Windows\System32\OpenSSH\;C:\Users\Git\cmd;C:\Program Files\nodejs\;C:\Program Files\Microsoft SQL Server\Client SDK\ODBC\170\Tools\Binn\;C:\Program Files (x86)\Microsoft SQL Server\150\Tools\Binn\;C:\Program Files\Microsoft SQL Server\150\Tools\Binn\;C:\Program Files\Microsoft SQL Server\150\DTS\Binn\;C:\Program Files (x86)\Microsoft SQL Server\150\DTS\Binn\;C:\Program Files\Azure Data Studio\bin;C:\Users\vivec\Documents\maven;C:\Users\vivec\AppData\Local\Programs\Microsoft VS Code\bin;C:\Users\vivec\AppData\Roaming\npm;C:\Program Files\Azure Data Studio\bin;."/>
    <property name="surefire.test.class.path" value="C:\Users\vivec\eclipse-workspace\selenium-nov\target\test-classes;C:\Users\vivec\eclipse-workspace\selenium-nov\target\classes;C:\Users\vivec\.m2\repository\io\github\bonigarcia\webdrivermanager\4.2.2\webdrivermanager-4.2.2.jar;C:\Users\vivec\.m2\repository\org\slf4j\slf4j-api\1.7.30\slf4j-api-1.7.30.jar;C:\Users\vivec\.m2\repository\commons-io\commons-io\2.8.0\commons-io-2.8.0.jar;C:\Users\vivec\.m2\repository\com\google\code\gson\gson\2.8.6\gson-2.8.6.jar;C:\Users\vivec\.m2\repository\org\apache\commons\commons-lang3\3.11\commons-lang3-3.11.jar;C:\Users\vivec\.m2\repository\org\apache\httpcomponents\client5\httpclient5\5.0.1\httpclient5-5.0.1.jar;C:\Users\vivec\.m2\repository\org\apache\httpcomponents\core5\httpcore5\5.0.1\httpcore5-5.0.1.jar;C:\Users\vivec\.m2\repository\org\apache\httpcomponents\core5\httpcore5-h2\5.0.1\httpcore5-h2-5.0.1.jar;C:\Users\vivec\.m2\repository\commons-codec\commons-codec\1.13\commons-codec-1.13.jar;C:\Users\vivec\.m2\repository\org\rauschig\jarchivelib\1.1.0\jarchivelib-1.1.0.jar;C:\Users\vivec\.m2\repository\org\apache\commons\commons-compress\1.20\commons-compress-1.20.jar;C:\Users\vivec\.m2\repository\org\jsoup\jsoup\1.13.1\jsoup-1.13.1.jar;C:\Users\vivec\.m2\repository\org\seleniumhq\selenium\selenium-java\3.141.59\selenium-java-3.141.59.jar;C:\Users\vivec\.m2\repository\org\seleniumhq\selenium\selenium-api\3.141.59\selenium-api-3.141.59.jar;C:\Users\vivec\.m2\repository\org\seleniumhq\selenium\selenium-chrome-driver\3.141.59\selenium-chrome-driver-3.141.59.jar;C:\Users\vivec\.m2\repository\org\seleniumhq\selenium\selenium-edge-driver\3.141.59\selenium-edge-driver-3.141.59.jar;C:\Users\vivec\.m2\repository\org\seleniumhq\selenium\selenium-firefox-driver\3.141.59\selenium-firefox-driver-3.141.59.jar;C:\Users\vivec\.m2\repository\org\seleniumhq\selenium\selenium-ie-driver\3.141.59\selenium-ie-driver-3.141.59.jar;C:\Users\vivec\.m2\repository\org\seleniumhq\selenium\selenium-opera-driver\3.141.59\selenium-opera-driver-3.141.59.jar;C:\Users\vivec\.m2\repository\org\seleniumhq\selenium\selenium-remote-driver\3.141.59\selenium-remote-driver-3.141.59.jar;C:\Users\vivec\.m2\repository\org\seleniumhq\selenium\selenium-safari-driver\3.141.59\selenium-safari-driver-3.141.59.jar;C:\Users\vivec\.m2\repository\org\seleniumhq\selenium\selenium-support\3.141.59\selenium-support-3.141.59.jar;C:\Users\vivec\.m2\repository\net\bytebuddy\byte-buddy\1.8.15\byte-buddy-1.8.15.jar;C:\Users\vivec\.m2\repository\org\apache\commons\commons-exec\1.3\commons-exec-1.3.jar;C:\Users\vivec\.m2\repository\com\squareup\okhttp3\okhttp\3.11.0\okhttp-3.11.0.jar;C:\Users\vivec\.m2\repository\com\squareup\okio\okio\1.14.0\okio-1.14.0.jar;C:\Users\vivec\.m2\repository\org\codehaus\groovy\groovy\3.0.4\groovy-3.0.4.jar;C:\Users\vivec\.m2\repository\org\codehaus\groovy\groovy-ant\3.0.4\groovy-ant-3.0.4.jar;C:\Users\vivec\.m2\repository\org\apache\ant\ant-junit\1.10.8\ant-junit-1.10.8.jar;C:\Users\vivec\.m2\repository\org\apache\ant\ant-launcher\1.10.8\ant-launcher-1.10.8.jar;C:\Users\vivec\.m2\repository\org\apache\ant\ant-antlr\1.10.8\ant-antlr-1.10.8.jar;C:\Users\vivec\.m2\repository\org\codehaus\groovy\groovy-astbuilder\3.0.4\groovy-astbuilder-3.0.4.jar;C:\Users\vivec\.m2\repository\org\codehaus\groovy\groovy-cli-picocli\3.0.4\groovy-cli-picocli-3.0.4.jar;C:\Users\vivec\.m2\repository\info\picocli\picocli\4.3.2\picocli-4.3.2.jar;C:\Users\vivec\.m2\repository\org\codehaus\groovy\groovy-console\3.0.4\groovy-console-3.0.4.jar;C:\Users\vivec\.m2\repository\org\codehaus\groovy\groovy-datetime\3.0.4\groovy-datetime-3.0.4.jar;C:\Users\vivec\.m2\repository\org\codehaus\groovy\groovy-docgenerator\3.0.4\groovy-docgenerator-3.0.4.jar;C:\Users\vivec\.m2\repository\com\thoughtworks\qdox\qdox\1.12.1\qdox-1.12.1.jar;C:\Users\vivec\.m2\repository\org\codehaus\groovy\groovy-groovydoc\3.0.4\groovy-groovydoc-3.0.4.jar;C:\Users\vivec\.m2\repository\com\github\javaparser\javaparser-core\3.15.22\javaparser-core-3.15.22.jar;C:\Users\vivec\.m2\repository\org\codehaus\groovy\groovy-groovysh\3.0.4\groovy-groovysh-3.0.4.jar;C:\Users\vivec\.m2\repository\jline\jline\2.14.6\jline-2.14.6.jar;C:\Users\vivec\.m2\repository\org\codehaus\groovy\groovy-jmx\3.0.4\groovy-jmx-3.0.4.jar;C:\Users\vivec\.m2\repository\org\codehaus\groovy\groovy-json\3.0.4\groovy-json-3.0.4.jar;C:\Users\vivec\.m2\repository\org\codehaus\groovy\groovy-jsr223\3.0.4\groovy-jsr223-3.0.4.jar;C:\Users\vivec\.m2\repository\org\codehaus\groovy\groovy-macro\3.0.4\groovy-macro-3.0.4.jar;C:\Users\vivec\.m2\repository\org\codehaus\groovy\groovy-nio\3.0.4\groovy-nio-3.0.4.jar;C:\Users\vivec\.m2\repository\org\codehaus\groovy\groovy-servlet\3.0.4\groovy-servlet-3.0.4.jar;C:\Users\vivec\.m2\repository\org\codehaus\groovy\groovy-sql\3.0.4\groovy-sql-3.0.4.jar;C:\Users\vivec\.m2\repository\org\codehaus\groovy\groovy-swing\3.0.4\groovy-swing-3.0.4.jar;C:\Users\vivec\.m2\repository\org\codehaus\groovy\groovy-templates\3.0.4\groovy-templates-3.0.4.jar;C:\Users\vivec\.m2\repository\org\codehaus\groovy\groovy-test\3.0.4\groovy-test-3.0.4.jar;C:\Users\vivec\.m2\repository\org\codehaus\groovy\groovy-test-junit5\3.0.4\groovy-test-junit5-3.0.4.jar;C:\Users\vivec\.m2\repository\org\junit\platform\junit-platform-launcher\1.6.2\junit-platform-launcher-1.6.2.jar;C:\Users\vivec\.m2\repository\org\junit\platform\junit-platform-engine\1.6.2\junit-platform-engine-1.6.2.jar;C:\Users\vivec\.m2\repository\org\opentest4j\opentest4j\1.2.0\opentest4j-1.2.0.jar;C:\Users\vivec\.m2\repository\org\junit\platform\junit-platform-commons\1.6.2\junit-platform-commons-1.6.2.jar;C:\Users\vivec\.m2\repository\org\junit\jupiter\junit-jupiter-engine\5.6.2\junit-jupiter-engine-5.6.2.jar;C:\Users\vivec\.m2\repository\org\junit\jupiter\junit-jupiter-api\5.6.2\junit-jupiter-api-5.6.2.jar;C:\Users\vivec\.m2\repository\org\codehaus\groovy\groovy-testng\3.0.4\groovy-testng-3.0.4.jar;C:\Users\vivec\.m2\repository\org\codehaus\groovy\groovy-xml\3.0.4\groovy-xml-3.0.4.jar;C:\Users\vivec\.m2\repository\io\rest-assured\rest-assured\4.1.2\rest-assured-4.1.2.jar;C:\Users\vivec\.m2\repository\org\apache\httpcomponents\httpclient\4.5.3\httpclient-4.5.3.jar;C:\Users\vivec\.m2\repository\org\apache\httpcomponents\httpcore\4.4.6\httpcore-4.4.6.jar;C:\Users\vivec\.m2\repository\commons-logging\commons-logging\1.2\commons-logging-1.2.jar;C:\Users\vivec\.m2\repository\org\apache\httpcomponents\httpmime\4.5.3\httpmime-4.5.3.jar;C:\Users\vivec\.m2\repository\org\hamcrest\hamcrest\2.1\hamcrest-2.1.jar;C:\Users\vivec\.m2\repository\org\ccil\cowan\tagsoup\tagsoup\1.2.1\tagsoup-1.2.1.jar;C:\Users\vivec\.m2\repository\io\rest-assured\json-path\4.1.2\json-path-4.1.2.jar;C:\Users\vivec\.m2\repository\io\rest-assured\rest-assured-common\4.1.2\rest-assured-common-4.1.2.jar;C:\Users\vivec\.m2\repository\io\rest-assured\xml-path\4.1.2\xml-path-4.1.2.jar;C:\Users\vivec\.m2\repository\javax\xml\bind\jaxb-api\2.3.1\jaxb-api-2.3.1.jar;C:\Users\vivec\.m2\repository\javax\activation\javax.activation-api\1.2.0\javax.activation-api-1.2.0.jar;C:\Users\vivec\.m2\repository\com\sun\xml\bind\jaxb-osgi\2.3.0.1\jaxb-osgi-2.3.0.1.jar;C:\Users\vivec\.m2\repository\org\apache\sling\org.apache.sling.javax.activation\0.1.0\org.apache.sling.javax.activation-0.1.0.jar;C:\Users\vivec\.m2\repository\javax\activation\activation\1.1.1\activation-1.1.1.jar;C:\Users\vivec\.m2\repository\org\testng\testng\7.3.0\testng-7.3.0.jar;C:\Users\vivec\.m2\repository\com\beust\jcommander\1.78\jcommander-1.78.jar;C:\Users\vivec\.m2\repository\org\apache\ant\ant\1.10.3\ant-1.10.3.jar;C:\Users\vivec\.m2\repository\com\google\inject\guice\4.2.2\guice-4.2.2-no_aop.jar;C:\Users\vivec\.m2\repository\javax\inject\javax.inject\1\javax.inject-1.jar;C:\Users\vivec\.m2\repository\aopalliance\aopalliance\1.0\aopalliance-1.0.jar;C:\Users\vivec\.m2\repository\org\yaml\snakeyaml\1.21\snakeyaml-1.21.jar;C:\Users\vivec\.m2\repository\junit\junit\3.8.1\junit-3.8.1.jar;C:\Users\vivec\.m2\repository\com\google\guava\guava\24.0-jre\guava-24.0-jre.jar;C:\Users\vivec\.m2\repository\com\google\code\findbugs\jsr305\1.3.9\jsr305-1.3.9.jar;C:\Users\vivec\.m2\repository\org\checkerframework\checker-compat-qual\2.0.0\checker-compat-qual-2.0.0.jar;C:\Users\vivec\.m2\repository\com\google\errorprone\error_prone_annotations\2.1.3\error_prone_annotations-2.1.3.jar;C:\Users\vivec\.m2\repository\com\google\j2objc\j2objc-annotations\1.1\j2objc-annotations-1.1.jar;C:\Users\vivec\.m2\repository\org\codehaus\mojo\animal-sniffer-annotations\1.14\animal-sniffer-annotations-1.14.jar;"/>
    <property name="jdk.debug" value="release"/>
    <property name="java.class.version" value="55.0"/>
    <property name="java.specification.name" value="Java Platform API Specification"/>
    <property name="sun.management.compiler" value="HotSpot 64-Bit Tiered Compilers"/>
    <property name="os.version" value="10.0"/>
    <property name="user.home" value="C:\Users\vivec"/>
    <property name="user.timezone" value="America/Chicago"/>
    <property name="java.awt.printerjob" value="sun.awt.windows.WPrinterJob"/>
    <property name="file.encoding" value="Cp1252"/>
    <property name="java.specification.version" value="11"/>
    <property name="user.name" value="vivec"/>
    <property name="java.class.path" value="C:\Users\vivec\eclipse-workspace\selenium-nov\target\test-classes;C:\Users\vivec\eclipse-workspace\selenium-nov\target\classes;C:\Users\vivec\.m2\repository\io\github\bonigarcia\webdrivermanager\4.2.2\webdrivermanager-4.2.2.jar;C:\Users\vivec\.m2\repository\org\slf4j\slf4j-api\1.7.30\slf4j-api-1.7.30.jar;C:\Users\vivec\.m2\repository\commons-io\commons-io\2.8.0\commons-io-2.8.0.jar;C:\Users\vivec\.m2\repository\com\google\code\gson\gson\2.8.6\gson-2.8.6.jar;C:\Users\vivec\.m2\repository\org\apache\commons\commons-lang3\3.11\commons-lang3-3.11.jar;C:\Users\vivec\.m2\repository\org\apache\httpcomponents\client5\httpclient5\5.0.1\httpclient5-5.0.1.jar;C:\Users\vivec\.m2\repository\org\apache\httpcomponents\core5\httpcore5\5.0.1\httpcore5-5.0.1.jar;C:\Users\vivec\.m2\repository\org\apache\httpcomponents\core5\httpcore5-h2\5.0.1\httpcore5-h2-5.0.1.jar;C:\Users\vivec\.m2\repository\commons-codec\commons-codec\1.13\commons-codec-1.13.jar;C:\Users\vivec\.m2\repository\org\rauschig\jarchivelib\1.1.0\jarchivelib-1.1.0.jar;C:\Users\vivec\.m2\repository\org\apache\commons\commons-compress\1.20\commons-compress-1.20.jar;C:\Users\vivec\.m2\repository\org\jsoup\jsoup\1.13.1\jsoup-1.13.1.jar;C:\Users\vivec\.m2\repository\org\seleniumhq\selenium\selenium-java\3.141.59\selenium-java-3.141.59.jar;C:\Users\vivec\.m2\repository\org\seleniumhq\selenium\selenium-api\3.141.59\selenium-api-3.141.59.jar;C:\Users\vivec\.m2\repository\org\seleniumhq\selenium\selenium-chrome-driver\3.141.59\selenium-chrome-driver-3.141.59.jar;C:\Users\vivec\.m2\repository\org\seleniumhq\selenium\selenium-edge-driver\3.141.59\selenium-edge-driver-3.141.59.jar;C:\Users\vivec\.m2\repository\org\seleniumhq\selenium\selenium-firefox-driver\3.141.59\selenium-firefox-driver-3.141.59.jar;C:\Users\vivec\.m2\repository\org\seleniumhq\selenium\selenium-ie-driver\3.141.59\selenium-ie-driver-3.141.59.jar;C:\Users\vivec\.m2\repository\org\seleniumhq\selenium\selenium-opera-driver\3.141.59\selenium-opera-driver-3.141.59.jar;C:\Users\vivec\.m2\repository\org\seleniumhq\selenium\selenium-remote-driver\3.141.59\selenium-remote-driver-3.141.59.jar;C:\Users\vivec\.m2\repository\org\seleniumhq\selenium\selenium-safari-driver\3.141.59\selenium-safari-driver-3.141.59.jar;C:\Users\vivec\.m2\repository\org\seleniumhq\selenium\selenium-support\3.141.59\selenium-support-3.141.59.jar;C:\Users\vivec\.m2\repository\net\bytebuddy\byte-buddy\1.8.15\byte-buddy-1.8.15.jar;C:\Users\vivec\.m2\repository\org\apache\commons\commons-exec\1.3\commons-exec-1.3.jar;C:\Users\vivec\.m2\repository\com\squareup\okhttp3\okhttp\3.11.0\okhttp-3.11.0.jar;C:\Users\vivec\.m2\repository\com\squareup\okio\okio\1.14.0\okio-1.14.0.jar;C:\Users\vivec\.m2\repository\org\codehaus\groovy\groovy\3.0.4\groovy-3.0.4.jar;C:\Users\vivec\.m2\repository\org\codehaus\groovy\groovy-ant\3.0.4\groovy-ant-3.0.4.jar;C:\Users\vivec\.m2\repository\org\apache\ant\ant-junit\1.10.8\ant-junit-1.10.8.jar;C:\Users\vivec\.m2\repository\org\apache\ant\ant-launcher\1.10.8\ant-launcher-1.10.8.jar;C:\Users\vivec\.m2\repository\org\apache\ant\ant-antlr\1.10.8\ant-antlr-1.10.8.jar;C:\Users\vivec\.m2\repository\org\codehaus\groovy\groovy-astbuilder\3.0.4\groovy-astbuilder-3.0.4.jar;C:\Users\vivec\.m2\repository\org\codehaus\groovy\groovy-cli-picocli\3.0.4\groovy-cli-picocli-3.0.4.jar;C:\Users\vivec\.m2\repository\info\picocli\picocli\4.3.2\picocli-4.3.2.jar;C:\Users\vivec\.m2\repository\org\codehaus\groovy\groovy-console\3.0.4\groovy-console-3.0.4.jar;C:\Users\vivec\.m2\repository\org\codehaus\groovy\groovy-datetime\3.0.4\groovy-datetime-3.0.4.jar;C:\Users\vivec\.m2\repository\org\codehaus\groovy\groovy-docgenerator\3.0.4\groovy-docgenerator-3.0.4.jar;C:\Users\vivec\.m2\repository\com\thoughtworks\qdox\qdox\1.12.1\qdox-1.12.1.jar;C:\Users\vivec\.m2\repository\org\codehaus\groovy\groovy-groovydoc\3.0.4\groovy-groovydoc-3.0.4.jar;C:\Users\vivec\.m2\repository\com\github\javaparser\javaparser-core\3.15.22\javaparser-core-3.15.22.jar;C:\Users\vivec\.m2\repository\org\codehaus\groovy\groovy-groovysh\3.0.4\groovy-groovysh-3.0.4.jar;C:\Users\vivec\.m2\repository\jline\jline\2.14.6\jline-2.14.6.jar;C:\Users\vivec\.m2\repository\org\codehaus\groovy\groovy-jmx\3.0.4\groovy-jmx-3.0.4.jar;C:\Users\vivec\.m2\repository\org\codehaus\groovy\groovy-json\3.0.4\groovy-json-3.0.4.jar;C:\Users\vivec\.m2\repository\org\codehaus\groovy\groovy-jsr223\3.0.4\groovy-jsr223-3.0.4.jar;C:\Users\vivec\.m2\repository\org\codehaus\groovy\groovy-macro\3.0.4\groovy-macro-3.0.4.jar;C:\Users\vivec\.m2\repository\org\codehaus\groovy\groovy-nio\3.0.4\groovy-nio-3.0.4.jar;C:\Users\vivec\.m2\repository\org\codehaus\groovy\groovy-servlet\3.0.4\groovy-servlet-3.0.4.jar;C:\Users\vivec\.m2\repository\org\codehaus\groovy\groovy-sql\3.0.4\groovy-sql-3.0.4.jar;C:\Users\vivec\.m2\repository\org\codehaus\groovy\groovy-swing\3.0.4\groovy-swing-3.0.4.jar;C:\Users\vivec\.m2\repository\org\codehaus\groovy\groovy-templates\3.0.4\groovy-templates-3.0.4.jar;C:\Users\vivec\.m2\repository\org\codehaus\groovy\groovy-test\3.0.4\groovy-test-3.0.4.jar;C:\Users\vivec\.m2\repository\org\codehaus\groovy\groovy-test-junit5\3.0.4\groovy-test-junit5-3.0.4.jar;C:\Users\vivec\.m2\repository\org\junit\platform\junit-platform-launcher\1.6.2\junit-platform-launcher-1.6.2.jar;C:\Users\vivec\.m2\repository\org\junit\platform\junit-platform-engine\1.6.2\junit-platform-engine-1.6.2.jar;C:\Users\vivec\.m2\repository\org\opentest4j\opentest4j\1.2.0\opentest4j-1.2.0.jar;C:\Users\vivec\.m2\repository\org\junit\platform\junit-platform-commons\1.6.2\junit-platform-commons-1.6.2.jar;C:\Users\vivec\.m2\repository\org\junit\jupiter\junit-jupiter-engine\5.6.2\junit-jupiter-engine-5.6.2.jar;C:\Users\vivec\.m2\repository\org\junit\jupiter\junit-jupiter-api\5.6.2\junit-jupiter-api-5.6.2.jar;C:\Users\vivec\.m2\repository\org\codehaus\groovy\groovy-testng\3.0.4\groovy-testng-3.0.4.jar;C:\Users\vivec\.m2\repository\org\codehaus\groovy\groovy-xml\3.0.4\groovy-xml-3.0.4.jar;C:\Users\vivec\.m2\repository\io\rest-assured\rest-assured\4.1.2\rest-assured-4.1.2.jar;C:\Users\vivec\.m2\repository\org\apache\httpcomponents\httpclient\4.5.3\httpclient-4.5.3.jar;C:\Users\vivec\.m2\repository\org\apache\httpcomponents\httpcore\4.4.6\httpcore-4.4.6.jar;C:\Users\vivec\.m2\repository\commons-logging\commons-logging\1.2\commons-logging-1.2.jar;C:\Users\vivec\.m2\repository\org\apache\httpcomponents\httpmime\4.5.3\httpmime-4.5.3.jar;C:\Users\vivec\.m2\repository\org\hamcrest\hamcrest\2.1\hamcrest-2.1.jar;C:\Users\vivec\.m2\repository\org\ccil\cowan\tagsoup\tagsoup\1.2.1\tagsoup-1.2.1.jar;C:\Users\vivec\.m2\repository\io\rest-assured\json-path\4.1.2\json-path-4.1.2.jar;C:\Users\vivec\.m2\repository\io\rest-assured\rest-assured-common\4.1.2\rest-assured-common-4.1.2.jar;C:\Users\vivec\.m2\repository\io\rest-assured\xml-path\4.1.2\xml-path-4.1.2.jar;C:\Users\vivec\.m2\repository\javax\xml\bind\jaxb-api\2.3.1\jaxb-api-2.3.1.jar;C:\Users\vivec\.m2\repository\javax\activation\javax.activation-api\1.2.0\javax.activation-api-1.2.0.jar;C:\Users\vivec\.m2\repository\com\sun\xml\bind\jaxb-osgi\2.3.0.1\jaxb-osgi-2.3.0.1.jar;C:\Users\vivec\.m2\repository\org\apache\sling\org.apache.sling.javax.activation\0.1.0\org.apache.sling.javax.activation-0.1.0.jar;C:\Users\vivec\.m2\repository\javax\activation\activation\1.1.1\activation-1.1.1.jar;C:\Users\vivec\.m2\repository\org\testng\testng\7.3.0\testng-7.3.0.jar;C:\Users\vivec\.m2\repository\com\beust\jcommander\1.78\jcommander-1.78.jar;C:\Users\vivec\.m2\repository\org\apache\ant\ant\1.10.3\ant-1.10.3.jar;C:\Users\vivec\.m2\repository\com\google\inject\guice\4.2.2\guice-4.2.2-no_aop.jar;C:\Users\vivec\.m2\repository\javax\inject\javax.inject\1\javax.inject-1.jar;C:\Users\vivec\.m2\repository\aopalliance\aopalliance\1.0\aopalliance-1.0.jar;C:\Users\vivec\.m2\repository\org\yaml\snakeyaml\1.21\snakeyaml-1.21.jar;C:\Users\vivec\.m2\repository\junit\junit\3.8.1\junit-3.8.1.jar;C:\Users\vivec\.m2\repository\com\google\guava\guava\24.0-jre\guava-24.0-jre.jar;C:\Users\vivec\.m2\repository\com\google\code\findbugs\jsr305\1.3.9\jsr305-1.3.9.jar;C:\Users\vivec\.m2\repository\org\checkerframework\checker-compat-qual\2.0.0\checker-compat-qual-2.0.0.jar;C:\Users\vivec\.m2\repository\com\google\errorprone\error_prone_annotations\2.1.3\error_prone_annotations-2.1.3.jar;C:\Users\vivec\.m2\repository\com\google\j2objc\j2objc-annotations\1.1\j2objc-annotations-1.1.jar;C:\Users\vivec\.m2\repository\org\codehaus\mojo\animal-sniffer-annotations\1.14\animal-sniffer-annotations-1.14.jar;"/>
    <property name="java.vm.specification.version" value="11"/>
    <property name="sun.arch.data.model" value="64"/>
    <property name="sun.java.command" value="C:\Users\vivec\AppData\Local\Temp\surefirebooter13482835223335417302.jar C:\Users\vivec\AppData\Local\Temp\surefire10647146231269060332tmp C:\Users\vivec\AppData\Local\Temp\surefire12651823718905080904tmp"/>
    <property name="java.home" value="C:\Program Files\Java\jdk-11.0.11"/>
    <property name="user.language" value="en"/>
    <property name="java.specification.vendor" value="Oracle Corporation"/>
    <property name="awt.toolkit" value="sun.awt.windows.WToolkit"/>
    <property name="java.vm.info" value="mixed mode"/>
    <property name="java.version" value="11.0.11"/>
    <property name="webdriver.chrome.driver" value="C:\Users\vivec\.cache\selenium\chromedriver\win32\91.0.4472.101\chromedriver.exe"/>
    <property name="java.vendor" value="Oracle Corporation"/>
    <property name="localRepository" value="C:\Users\vivec\.m2\repository"/>
    <property name="file.separator" value="\"/>
    <property name="java.version.date" value="2021-04-20"/>
    <property name="java.vendor.url.bug" value="https://bugreport.java.com/bugreport/"/>
    <property name="sun.io.unicode.encoding" value="UnicodeLittle"/>
    <property name="sun.cpu.endian" value="little"/>
    <property name="java.vendor.version" value="18.9"/>
    <property name="sun.desktop" value="windows"/>
    <property name="sun.cpu.isalist" value="amd64"/>
  </properties>
  <testcase classname="com.selenium.tests.SearchProduct" name="setup" time="0">
    <failure message="com.google.common.collect.ImmutableList.toImmutableList()Ljava/util/stream/Collector;" type="java.lang.NoSuchMethodError">java.lang.NoSuchMethodError: com.google.common.collect.ImmutableList.toImmutableList()Ljava/util/stream/Collector;
	at org.openqa.selenium.chrome.ChromeOptions.asMap(ChromeOptions.java:292)
	at org.openqa.selenium.remote.NewSessionPayload.create(NewSessionPayload.java:94)
	at org.openqa.selenium.remote.ProtocolHandshake.createSession(ProtocolHandshake.java:68)
	at org.openqa.selenium.remote.HttpCommandExecutor.execute(HttpCommandExecutor.java:136)
	at org.openqa.selenium.remote.service.DriverCommandExecutor.execute(DriverCommandExecutor.java:83)
	at org.openqa.selenium.remote.RemoteWebDriver.execute(RemoteWebDriver.java:552)
	at org.openqa.selenium.remote.RemoteWebDriver.startSession(RemoteWebDriver.java:213)
	at org.openqa.selenium.remote.RemoteWebDriver.&lt;init&gt;(RemoteWebDriver.java:131)
	at org.openqa.selenium.chrome.ChromeDriver.&lt;init&gt;(ChromeDriver.java:181)
	at org.openqa.selenium.chrome.ChromeDriver.&lt;init&gt;(ChromeDriver.java:168)
	at org.openqa.selenium.chrome.ChromeDriver.&lt;init&gt;(ChromeDriver.java:123)
	at com.utils.BaseTest.setup(BaseTest.java:31)
	at java.base/jdk.internal.reflect.NativeMethodAccessorImpl.invoke0(Native Method)
	at java.base/jdk.internal.reflect.NativeMethodAccessorImpl.invoke(NativeMethodAccessorImpl.java:62)
	at java.base/jdk.internal.reflect.DelegatingMethodAccessorImpl.invoke(DelegatingMethodAccessorImpl.java:43)
	at java.base/java.lang.reflect.Method.invoke(Method.java:566)
	at org.testng.internal.MethodInvocationHelper.invokeMethod(MethodInvocationHelper.java:132)
	at org.testng.internal.MethodInvocationHelper.invokeMethodConsideringTimeout(MethodInvocationHelper.java:61)
	at org.testng.internal.ConfigInvoker.invokeConfigurationMethod(ConfigInvoker.java:366)
	at org.testng.internal.ConfigInvoker.invokeConfigurations(ConfigInvoker.java:320)
	at org.testng.internal.TestMethodWorker.invokeBeforeClassMethods(TestMethodWorker.java:176)
	at org.testng.internal.TestMethodWorker.run(TestMethodWorker.java:122)
	at java.base/java.util.ArrayList.forEach(ArrayList.java:1541)
	at org.testng.TestRunner.privateRun(TestRunner.java:764)
	at org.testng.TestRunner.run(TestRunner.java:585)
	at org.testng.SuiteRunner.runTest(SuiteRunner.java:384)
	at org.testng.SuiteRunner.access$000(SuiteRunner.java:28)
	at org.testng.SuiteRunner$SuiteWorker.run(SuiteRunner.java:425)
	at org.testng.internal.thread.ThreadUtil.lambda$execute$0(ThreadUtil.java:66)
	at java.base/java.util.concurrent.FutureTask.run(FutureTask.java:264)
	at java.base/java.util.concurrent.ThreadPoolExecutor.runWorker(ThreadPoolExecutor.java:1128)
	at java.base/java.util.concurrent.ThreadPoolExecutor$Worker.run(ThreadPoolExecutor.java:628)
	at java.base/java.lang.Thread.run(Thread.java:834)
</failure>
  </testcase>
  <testcase classname="com.selenium.tests.SearchProduct" name="searchTest" time="0">
    <skipped/>
  </testcase>
  <testcase classname="com.selenium.tests.SearchProduct" name="captureScreenShot" time="0.001">
    <skipped/>
  </testcase>
  <testcase classname="com.selenium.tests.SearchProduct" name="afterClass" time="0.001">
    <skipped/>
  </testcase>
</testsuite>