<?xml version="1.0" encoding="UTF-8"?>
<!-- Generated by org.testng.reporters.JUnitReportReporter -->
<testsuite hostname="Ritu-Laptop" failures="0" tests="1" name="com.testng.CurrencyAPI" time="2.311" errors="0" timestamp="2021-01-13T19:04:14 CST" skipped="0">
  <testcase classname="com.testng.CurrencyAPI" name="restAPIcurrencyTest" time="2.311"/>
  <system-out/>
</testsuite> <!-- com.testng.CurrencyAPI -->
