<?xml version="1.0" encoding="UTF-8"?>
<!-- Generated by org.testng.reporters.JUnitReportReporter -->
<testsuite skipped="0" hostname="DESKTOP-708UHHR" name="com.test.ModalDialog" tests="1" failures="0" timestamp="2020-12-28T01:57:39 IST" time="3.958" errors="0">
  <testcase name="windowHandle" time="3.958" classname="com.test.ModalDialog"/>
  <system-out/>
</testsuite> <!-- com.test.ModalDialog -->
