<?xml version="1.0" encoding="UTF-8"?>
<!-- Generated by org.testng.reporters.JUnitReportReporter -->
<testsuite hostname="Ritu-Laptop" failures="0" tests="1" name="com.test.GetFunctions" time="0.747" errors="0" timestamp="2021-01-27T23:09:05 CST" skipped="0">
  <testcase classname="com.test.GetFunctions" name="getFunctions" time="0.747"/>
  <system-out/>
</testsuite> <!-- com.test.GetFunctions -->
