<?xml version="1.0" encoding="UTF-8"?>
<!-- Generated by org.testng.reporters.JUnitReportReporter -->
<testsuite skipped="0" hostname="DESKTOP-708UHHR" name="com.test.UploadDownload" tests="1" failures="0" timestamp="2020-12-28T02:07:10 IST" time="0.997" errors="0">
  <testcase name="uploadTest" time="0.997" classname="com.test.UploadDownload"/>
  <system-out/>
</testsuite> <!-- com.test.UploadDownload -->
