<?xml version="1.0" encoding="UTF-8"?>
<!-- Generated by org.testng.reporters.JUnitReportReporter -->
<testsuite hostname="Ritu-Laptop" failures="0" tests="4" name="com.test.ActionClass" time="3.596" errors="0" timestamp="2021-01-20T22:53:52 CST" skipped="0">
  <testcase classname="com.test.ActionClass" name="dragAndDrop" time="0.806"/>
  <system-out/>
  <testcase classname="com.test.ActionClass" name="radioButton" time="0.925"/>
  <system-out/>
  <testcase classname="com.test.ActionClass" name="dragAndDrop1" time="0.843"/>
  <system-out/>
  <testcase classname="com.test.ActionClass" name="mouseMoveOn" time="1.022"/>
  <system-out/>
</testsuite> <!-- com.test.ActionClass -->
