<?xml version="1.0" encoding="UTF-8"?>
<!-- Generated by org.testng.reporters.JUnitReportReporter -->
<testsuite hostname="Ritu-Laptop" failures="0" tests="1" name="com.test.TextBox" time="0.100" errors="0" timestamp="2021-03-30T11:21:08 CDT" skipped="0">
  <testcase classname="com.test.TextBox" name="testTextBox" time="0.100"/>
  <system-out/>
</testsuite> <!-- com.test.TextBox -->
