<?xml version="1.0" encoding="UTF-8"?>
<!-- Generated by org.testng.reporters.JUnitReportReporter -->
<testsuite hostname="Ritu-Laptop" failures="0" tests="2" name="com.test.Iframe" time="32.692" errors="0" timestamp="2021-02-12T15:11:51 CST" skipped="0">
  <testcase classname="com.test.Iframe" name="frameTest" time="1.460"/>
  <system-out/>
  <testcase classname="com.test.Iframe" name="nestedframeTest" time="31.232"/>
  <system-out/>
</testsuite> <!-- com.test.Iframe -->
