<?xml version="1.0" encoding="UTF-8"?>
<!-- Generated by org.testng.reporters.JUnitReportReporter -->
<testsuite skipped="0" hostname="DESKTOP-708UHHR" name="com.selenium.testfactory.CheckOutWithGuest" tests="1" failures="0" timestamp="2021-01-04T02:07:56 IST" time="69.189" errors="0">
  <testcase name="checkOutWithGuestTest" time="69.189" classname="com.selenium.testfactory.CheckOutWithGuest"/>
  <system-out/>
</testsuite> <!-- com.selenium.testfactory.CheckOutWithGuest -->
