<?xml version="1.0" encoding="UTF-8"?>
<!-- Generated by org.testng.reporters.JUnitReportReporter -->
<testsuite skipped="0" hostname="DESKTOP-708UHHR" name="com.selenium.testfactory.SearchProduct" tests="1" failures="0" timestamp="2021-01-04T02:05:02 IST" time="13.954" errors="0">
  <testcase name="searchTest" time="13.954" classname="com.selenium.testfactory.SearchProduct"/>
  <system-out/>
</testsuite> <!-- com.selenium.testfactory.SearchProduct -->
