<?xml version="1.0" encoding="UTF-8"?>
<!-- Generated by org.testng.reporters.JUnitReportReporter -->
<testsuite skipped="0" hostname="DESKTOP-708UHHR" name="com.test.HandleAlert" tests="2" failures="0" timestamp="2020-12-28T00:46:55 IST" time="13.931" errors="0">
  <testcase name="alert" time="6.581" classname="com.test.HandleAlert"/>
  <system-out/>
  <testcase name="alert" time="7.350" classname="com.test.HandleAlert"/>
  <system-out/>
</testsuite> <!-- com.test.HandleAlert -->
