<?xml version="1.0" encoding="UTF-8"?>
<!-- Generated by org.testng.reporters.JUnitReportReporter -->
<testsuite skipped="0" hostname="DESKTOP-708UHHR" name="com.test.WindowHandle" tests="1" failures="0" timestamp="2020-12-28T01:26:13 IST" time="11.430" errors="0">
  <testcase name="windowHandle" time="11.430" classname="com.test.WindowHandle"/>
  <system-out/>
</testsuite> <!-- com.test.WindowHandle -->
